This is e-pTeX, Version 3.14159265-p3.7.1-161114-2.6 (sjis) (TeX Live 2017/W32TeX) (preloaded format=platex 2017.9.15)  17 JAN 2018 21:32
entering extended mode
 restricted \write18 enabled.
 %&-line parsing enabled.
**12_12.texc
(c:/texlive/2017/texmf-dist/tex/latex/tools/x.tex
pLaTeX2e <2017/05/05> (based on LaTeX2e <2017-04-15>)
Babel <3.10> and hyphenation patterns for 84 language(s) loaded.

! .
l.38   \batchmode \errmessage{}
                               \csname @@end\endcsname \end
This error message was generated by an \errmessage
command, so I can't give any explicit help.
Pretend that you're Hercule Poirot: Examine all clues,
and deduce the truth by order and method.

 ) 
Here is how much of TeX's memory you used:
 7 strings out of 493653
 155 string characters out of 6151895
 54385 words of memory out of 5000000
 3690 multiletter control sequences out of 15000+600000
 7511 words of font info for 31 fonts, out of 8000000 for 9000
 929 hyphenation exceptions out of 8191
 5i,0n,3p,90b,8s stack positions out of 5000i,500n,10000p,200000b,80000s

No pages of output.
